mar. 29 nov. 16 -- 9:43:20:674 : GENERATION STARTED 
Applying profile on models...
done.
Evaluation of View1 on BanqueView...
done.
Writing file: /comptes/E115761C/Documents/Model Driven Engineering/com.mia.studio.ide-9.2.1.gtk.x86_64/workspace/com.mia.banque.application/src/com/mia/banque/ui/view/swt/BanqueView.java...
done.
Evaluation of Controler1 on BanqueView...
done.
Writing file: /comptes/E115761C/Documents/Model Driven Engineering/com.mia.studio.ide-9.2.1.gtk.x86_64/workspace/com.mia.banque.application/src/com/mia/banque/ui/controler/swt/BanqueControler.java...
done.
Evaluation of View1 on ClientView...
done.
Writing file: /comptes/E115761C/Documents/Model Driven Engineering/com.mia.studio.ide-9.2.1.gtk.x86_64/workspace/com.mia.banque.application/src/com/mia/banque/ui/view/swt/ClientView.java...
done.
Evaluation of Controler1 on ClientView...
done.
Writing file: /comptes/E115761C/Documents/Model Driven Engineering/com.mia.studio.ide-9.2.1.gtk.x86_64/workspace/com.mia.banque.application/src/com/mia/banque/ui/controler/swt/ClientControler.java...
done.
Evaluation of View1 on CompteView...
done.
Writing file: /comptes/E115761C/Documents/Model Driven Engineering/com.mia.studio.ide-9.2.1.gtk.x86_64/workspace/com.mia.banque.application/src/com/mia/banque/ui/view/swt/CompteView.java...
done.
Evaluation of Controler1 on CompteView...
done.
Writing file: /comptes/E115761C/Documents/Model Driven Engineering/com.mia.studio.ide-9.2.1.gtk.x86_64/workspace/com.mia.banque.application/src/com/mia/banque/ui/controler/swt/CompteControler.java...
done.
Evaluation of View1 on OperationView...
done.
Writing file: /comptes/E115761C/Documents/Model Driven Engineering/com.mia.studio.ide-9.2.1.gtk.x86_64/workspace/com.mia.banque.application/src/com/mia/banque/ui/view/swt/OperationView.java...
done.
Evaluation of Controler1 on OperationView...
done.
Writing file: /comptes/E115761C/Documents/Model Driven Engineering/com.mia.studio.ide-9.2.1.gtk.x86_64/workspace/com.mia.banque.application/src/com/mia/banque/ui/controler/swt/OperationControler.java...
done.
mar. 29 nov. 16 -- 9:43:20:946 : COMPLETED
mar. 29 nov. 16 -- 9:48:01:759 : GENERATION STARTED 
Applying profile on models...
done.
Evaluation of IControler on BanqueView...
done.
Writing file: /comptes/E115761C/Documents/Model Driven Engineering/com.mia.studio.ide-9.2.1.gtk.x86_64/workspace/com.mia.banque.application/src/com/mia/banque/ui/controler/IBanqueControler.java...
done.
Evaluation of IView on BanqueView...
done.
Writing file: /comptes/E115761C/Documents/Model Driven Engineering/com.mia.studio.ide-9.2.1.gtk.x86_64/workspace/com.mia.banque.application/src/com/mia/banque/ui/view/IBanqueView.java...
done.
Evaluation of IControler on ClientView...
done.
Writing file: /comptes/E115761C/Documents/Model Driven Engineering/com.mia.studio.ide-9.2.1.gtk.x86_64/workspace/com.mia.banque.application/src/com/mia/banque/ui/controler/IClientControler.java...
done.
Evaluation of IView on ClientView...
done.
Writing file: /comptes/E115761C/Documents/Model Driven Engineering/com.mia.studio.ide-9.2.1.gtk.x86_64/workspace/com.mia.banque.application/src/com/mia/banque/ui/view/IClientView.java...
done.
Evaluation of IControler on CompteView...
done.
Writing file: /comptes/E115761C/Documents/Model Driven Engineering/com.mia.studio.ide-9.2.1.gtk.x86_64/workspace/com.mia.banque.application/src/com/mia/banque/ui/controler/ICompteControler.java...
done.
Evaluation of IView on CompteView...
done.
Writing file: /comptes/E115761C/Documents/Model Driven Engineering/com.mia.studio.ide-9.2.1.gtk.x86_64/workspace/com.mia.banque.application/src/com/mia/banque/ui/view/ICompteView.java...
done.
Evaluation of IControler on OperationView...
done.
Writing file: /comptes/E115761C/Documents/Model Driven Engineering/com.mia.studio.ide-9.2.1.gtk.x86_64/workspace/com.mia.banque.application/src/com/mia/banque/ui/controler/IOperationControler.java...
done.
Evaluation of IView on OperationView...
done.
Writing file: /comptes/E115761C/Documents/Model Driven Engineering/com.mia.studio.ide-9.2.1.gtk.x86_64/workspace/com.mia.banque.application/src/com/mia/banque/ui/view/IOperationView.java...
done.
mar. 29 nov. 16 -- 9:48:01:922 : COMPLETED
mar. 29 nov. 16 -- 9:48:32:546 : GENERATION STARTED 
Applying profile on models...
done.
Evaluation of IModel on Banque...
done.
Writing file: /comptes/E115761C/Documents/Model Driven Engineering/com.mia.studio.ide-9.2.1.gtk.x86_64/workspace/com.mia.banque.application/src/com/mia/banque/model/IBanque.java...
done.
Evaluation of ModelImpl on Banque...
done.
Writing file: /comptes/E115761C/Documents/Model Driven Engineering/com.mia.studio.ide-9.2.1.gtk.x86_64/workspace/com.mia.banque.application/src/com/mia/banque/model/impl/Banque.java...
done.
Evaluation of IModel on Client...
done.
Writing file: /comptes/E115761C/Documents/Model Driven Engineering/com.mia.studio.ide-9.2.1.gtk.x86_64/workspace/com.mia.banque.application/src/com/mia/banque/model/IClient.java...
done.
Evaluation of ModelImpl on Client...
done.
Writing file: /comptes/E115761C/Documents/Model Driven Engineering/com.mia.studio.ide-9.2.1.gtk.x86_64/workspace/com.mia.banque.application/src/com/mia/banque/model/impl/Client.java...
done.
Evaluation of IModel on Compte...
done.
Writing file: /comptes/E115761C/Documents/Model Driven Engineering/com.mia.studio.ide-9.2.1.gtk.x86_64/workspace/com.mia.banque.application/src/com/mia/banque/model/ICompte.java...
done.
Evaluation of ModelImpl on Compte...
done.
Writing file: /comptes/E115761C/Documents/Model Driven Engineering/com.mia.studio.ide-9.2.1.gtk.x86_64/workspace/com.mia.banque.application/src/com/mia/banque/model/impl/Compte.java...
done.
Evaluation of IModel on Operation...
done.
Writing file: /comptes/E115761C/Documents/Model Driven Engineering/com.mia.studio.ide-9.2.1.gtk.x86_64/workspace/com.mia.banque.application/src/com/mia/banque/model/IOperation.java...
done.
Evaluation of ModelImpl on Operation...
done.
Writing file: /comptes/E115761C/Documents/Model Driven Engineering/com.mia.studio.ide-9.2.1.gtk.x86_64/workspace/com.mia.banque.application/src/com/mia/banque/model/impl/Operation.java...
done.
mar. 29 nov. 16 -- 9:48:32:709 : COMPLETED
mar. 29 nov. 16 -- 9:57:23:832 : GENERATION STARTED 
Applying profile on models...
done.
Evaluation of IModel on Banque...
done.
Writing file: /comptes/E115761C/Documents/Model Driven Engineering/com.mia.studio.ide-9.2.1.gtk.x86_64/workspace/com.mia.banque.application/src/com/mia/banque/model/IBanque.java...
done.
Evaluation of ModelImpl on Banque...
done.
Writing file: /comptes/E115761C/Documents/Model Driven Engineering/com.mia.studio.ide-9.2.1.gtk.x86_64/workspace/com.mia.banque.application/src/com/mia/banque/model/impl/Banque.java...
done.
Evaluation of IModel on Client...
done.
Writing file: /comptes/E115761C/Documents/Model Driven Engineering/com.mia.studio.ide-9.2.1.gtk.x86_64/workspace/com.mia.banque.application/src/com/mia/banque/model/IClient.java...
done.
Evaluation of ModelImpl on Client...
done.
Writing file: /comptes/E115761C/Documents/Model Driven Engineering/com.mia.studio.ide-9.2.1.gtk.x86_64/workspace/com.mia.banque.application/src/com/mia/banque/model/impl/Client.java...
done.
Evaluation of IModel on Compte...
done.
Writing file: /comptes/E115761C/Documents/Model Driven Engineering/com.mia.studio.ide-9.2.1.gtk.x86_64/workspace/com.mia.banque.application/src/com/mia/banque/model/ICompte.java...
done.
Evaluation of ModelImpl on Compte...
done.
Writing file: /comptes/E115761C/Documents/Model Driven Engineering/com.mia.studio.ide-9.2.1.gtk.x86_64/workspace/com.mia.banque.application/src/com/mia/banque/model/impl/Compte.java...
done.
Evaluation of IModel on Operation...
done.
Writing file: /comptes/E115761C/Documents/Model Driven Engineering/com.mia.studio.ide-9.2.1.gtk.x86_64/workspace/com.mia.banque.application/src/com/mia/banque/model/IOperation.java...
done.
Evaluation of ModelImpl on Operation...
done.
Writing file: /comptes/E115761C/Documents/Model Driven Engineering/com.mia.studio.ide-9.2.1.gtk.x86_64/workspace/com.mia.banque.application/src/com/mia/banque/model/impl/Operation.java...
done.
mar. 29 nov. 16 -- 9:57:24:035 : COMPLETED
mar. 29 nov. 16 -- 9:57:51:683 : GENERATION STARTED 
Applying profile on models...
done.
Evaluation of IModel on Banque...
done.
Writing file: /comptes/E115761C/Documents/Model Driven Engineering/com.mia.studio.ide-9.2.1.gtk.x86_64/workspace/com.mia.banque.application/src/com/mia/banque/model/IBanque.java...
done.
Evaluation of ModelImpl on Banque...
done.
Writing file: /comptes/E115761C/Documents/Model Driven Engineering/com.mia.studio.ide-9.2.1.gtk.x86_64/workspace/com.mia.banque.application/src/com/mia/banque/model/impl/Banque.java...
done.
Evaluation of IModel on Client...
done.
Writing file: /comptes/E115761C/Documents/Model Driven Engineering/com.mia.studio.ide-9.2.1.gtk.x86_64/workspace/com.mia.banque.application/src/com/mia/banque/model/IClient.java...
done.
Evaluation of ModelImpl on Client...
done.
Writing file: /comptes/E115761C/Documents/Model Driven Engineering/com.mia.studio.ide-9.2.1.gtk.x86_64/workspace/com.mia.banque.application/src/com/mia/banque/model/impl/Client.java...
done.
Evaluation of IModel on Compte...
done.
Writing file: /comptes/E115761C/Documents/Model Driven Engineering/com.mia.studio.ide-9.2.1.gtk.x86_64/workspace/com.mia.banque.application/src/com/mia/banque/model/ICompte.java...
done.
Evaluation of ModelImpl on Compte...
done.
Writing file: /comptes/E115761C/Documents/Model Driven Engineering/com.mia.studio.ide-9.2.1.gtk.x86_64/workspace/com.mia.banque.application/src/com/mia/banque/model/impl/Compte.java...
done.
Evaluation of IModel on Operation...
done.
Writing file: /comptes/E115761C/Documents/Model Driven Engineering/com.mia.studio.ide-9.2.1.gtk.x86_64/workspace/com.mia.banque.application/src/com/mia/banque/model/IOperation.java...
done.
Evaluation of ModelImpl on Operation...
done.
Writing file: /comptes/E115761C/Documents/Model Driven Engineering/com.mia.studio.ide-9.2.1.gtk.x86_64/workspace/com.mia.banque.application/src/com/mia/banque/model/impl/Operation.java...
done.
mar. 29 nov. 16 -- 9:57:51:852 : COMPLETED
mar. 29 nov. 16 -- 9:59:41:313 : GENERATION STARTED 
Applying profile on models...
done.
Evaluation of View on BanqueView...
done.
Writing file: /comptes/E115761C/Documents/Model Driven Engineering/com.mia.studio.ide-9.2.1.gtk.x86_64/workspace/com.mia.banque.application/src/com/mia/banque/ui/view/swt/BanqueView.java...
done.
Evaluation of Controler on BanqueView...
done.
Writing file: /comptes/E115761C/Documents/Model Driven Engineering/com.mia.studio.ide-9.2.1.gtk.x86_64/workspace/com.mia.banque.application/src/com/mia/banque/ui/controler/swt/BanqueControler.java...
done.
Evaluation of View on ClientView...
done.
Writing file: /comptes/E115761C/Documents/Model Driven Engineering/com.mia.studio.ide-9.2.1.gtk.x86_64/workspace/com.mia.banque.application/src/com/mia/banque/ui/view/swt/ClientView.java...
done.
Evaluation of Controler on ClientView...
done.
Writing file: /comptes/E115761C/Documents/Model Driven Engineering/com.mia.studio.ide-9.2.1.gtk.x86_64/workspace/com.mia.banque.application/src/com/mia/banque/ui/controler/swt/ClientControler.java...
done.
Evaluation of View on CompteView...
done.
Writing file: /comptes/E115761C/Documents/Model Driven Engineering/com.mia.studio.ide-9.2.1.gtk.x86_64/workspace/com.mia.banque.application/src/com/mia/banque/ui/view/swt/CompteView.java...
done.
Evaluation of Controler on CompteView...
done.
Writing file: /comptes/E115761C/Documents/Model Driven Engineering/com.mia.studio.ide-9.2.1.gtk.x86_64/workspace/com.mia.banque.application/src/com/mia/banque/ui/controler/swt/CompteControler.java...
done.
Evaluation of View on OperationView...
done.
Writing file: /comptes/E115761C/Documents/Model Driven Engineering/com.mia.studio.ide-9.2.1.gtk.x86_64/workspace/com.mia.banque.application/src/com/mia/banque/ui/view/swt/OperationView.java...
done.
Evaluation of Controler on OperationView...
done.
Writing file: /comptes/E115761C/Documents/Model Driven Engineering/com.mia.studio.ide-9.2.1.gtk.x86_64/workspace/com.mia.banque.application/src/com/mia/banque/ui/controler/swt/OperationControler.java...
done.
mar. 29 nov. 16 -- 9:59:41:526 : COMPLETED
mar. 29 nov. 16 -- 10:01:50:285 : GENERATION STARTED 
Applying profile on models...
done.
Evaluation of View on BanqueView...
done.
Writing file: /comptes/E115761C/Documents/Model Driven Engineering/com.mia.studio.ide-9.2.1.gtk.x86_64/workspace/com.mia.banque.application/src/com/mia/banque/ui/view/swt/BanqueView.java...
done.
Evaluation of Controler on BanqueView...
done.
Writing file: /comptes/E115761C/Documents/Model Driven Engineering/com.mia.studio.ide-9.2.1.gtk.x86_64/workspace/com.mia.banque.application/src/com/mia/banque/ui/controler/swt/BanqueControler.java...
done.
Evaluation of View on ClientView...
done.
Writing file: /comptes/E115761C/Documents/Model Driven Engineering/com.mia.studio.ide-9.2.1.gtk.x86_64/workspace/com.mia.banque.application/src/com/mia/banque/ui/view/swt/ClientView.java...
done.
Evaluation of Controler on ClientView...
done.
Writing file: /comptes/E115761C/Documents/Model Driven Engineering/com.mia.studio.ide-9.2.1.gtk.x86_64/workspace/com.mia.banque.application/src/com/mia/banque/ui/controler/swt/ClientControler.java...
done.
Evaluation of View on CompteView...
done.
Writing file: /comptes/E115761C/Documents/Model Driven Engineering/com.mia.studio.ide-9.2.1.gtk.x86_64/workspace/com.mia.banque.application/src/com/mia/banque/ui/view/swt/CompteView.java...
done.
Evaluation of Controler on CompteView...
done.
Writing file: /comptes/E115761C/Documents/Model Driven Engineering/com.mia.studio.ide-9.2.1.gtk.x86_64/workspace/com.mia.banque.application/src/com/mia/banque/ui/controler/swt/CompteControler.java...
done.
Evaluation of View on OperationView...
done.
Writing file: /comptes/E115761C/Documents/Model Driven Engineering/com.mia.studio.ide-9.2.1.gtk.x86_64/workspace/com.mia.banque.application/src/com/mia/banque/ui/view/swt/OperationView.java...
done.
Evaluation of Controler on OperationView...
done.
Writing file: /comptes/E115761C/Documents/Model Driven Engineering/com.mia.studio.ide-9.2.1.gtk.x86_64/workspace/com.mia.banque.application/src/com/mia/banque/ui/controler/swt/OperationControler.java...
done.
mar. 29 nov. 16 -- 10:01:50:504 : COMPLETED
mar. 29 nov. 16 -- 10:07:15:238 : GENERATION STARTED 
Applying profile on models...
done.
Evaluation of IControler on BanqueView...
done.
Writing file: /comptes/E115761C/Documents/Model Driven Engineering/com.mia.studio.ide-9.2.1.gtk.x86_64/workspace/com.mia.banque.application/src/com/mia/banque/ui/controler/IBanqueControler.java...
done.
Evaluation of IView on BanqueView...
done.
Writing file: /comptes/E115761C/Documents/Model Driven Engineering/com.mia.studio.ide-9.2.1.gtk.x86_64/workspace/com.mia.banque.application/src/com/mia/banque/ui/view/IBanqueView.java...
done.
Evaluation of IControler on ClientView...
done.
Writing file: /comptes/E115761C/Documents/Model Driven Engineering/com.mia.studio.ide-9.2.1.gtk.x86_64/workspace/com.mia.banque.application/src/com/mia/banque/ui/controler/IClientControler.java...
done.
Evaluation of IView on ClientView...
done.
Writing file: /comptes/E115761C/Documents/Model Driven Engineering/com.mia.studio.ide-9.2.1.gtk.x86_64/workspace/com.mia.banque.application/src/com/mia/banque/ui/view/IClientView.java...
done.
Evaluation of IControler on CompteView...
done.
Writing file: /comptes/E115761C/Documents/Model Driven Engineering/com.mia.studio.ide-9.2.1.gtk.x86_64/workspace/com.mia.banque.application/src/com/mia/banque/ui/controler/ICompteControler.java...
done.
Evaluation of IView on CompteView...
done.
Writing file: /comptes/E115761C/Documents/Model Driven Engineering/com.mia.studio.ide-9.2.1.gtk.x86_64/workspace/com.mia.banque.application/src/com/mia/banque/ui/view/ICompteView.java...
done.
Evaluation of IControler on OperationView...
done.
Writing file: /comptes/E115761C/Documents/Model Driven Engineering/com.mia.studio.ide-9.2.1.gtk.x86_64/workspace/com.mia.banque.application/src/com/mia/banque/ui/controler/IOperationControler.java...
done.
Evaluation of IView on OperationView...
done.
Writing file: /comptes/E115761C/Documents/Model Driven Engineering/com.mia.studio.ide-9.2.1.gtk.x86_64/workspace/com.mia.banque.application/src/com/mia/banque/ui/view/IOperationView.java...
done.
mar. 29 nov. 16 -- 10:07:15:427 : COMPLETED
mar. 29 nov. 16 -- 10:11:04:005 : GENERATION STARTED 
Applying profile on models...
done.
Evaluation of IModel on Banque...
done.
Writing file: /comptes/E115761C/Documents/Model Driven Engineering/com.mia.studio.ide-9.2.1.gtk.x86_64/workspace/com.mia.banque.application/src/com/mia/banque/model/IBanque.java...
done.
Evaluation of ModelImpl on Banque...
done.
Writing file: /comptes/E115761C/Documents/Model Driven Engineering/com.mia.studio.ide-9.2.1.gtk.x86_64/workspace/com.mia.banque.application/src/com/mia/banque/model/impl/Banque.java...
done.
Evaluation of IModel on Client...
done.
Writing file: /comptes/E115761C/Documents/Model Driven Engineering/com.mia.studio.ide-9.2.1.gtk.x86_64/workspace/com.mia.banque.application/src/com/mia/banque/model/IClient.java...
done.
Evaluation of ModelImpl on Client...
done.
Writing file: /comptes/E115761C/Documents/Model Driven Engineering/com.mia.studio.ide-9.2.1.gtk.x86_64/workspace/com.mia.banque.application/src/com/mia/banque/model/impl/Client.java...
done.
Evaluation of IModel on Compte...
done.
Writing file: /comptes/E115761C/Documents/Model Driven Engineering/com.mia.studio.ide-9.2.1.gtk.x86_64/workspace/com.mia.banque.application/src/com/mia/banque/model/ICompte.java...
done.
Evaluation of ModelImpl on Compte...
done.
Writing file: /comptes/E115761C/Documents/Model Driven Engineering/com.mia.studio.ide-9.2.1.gtk.x86_64/workspace/com.mia.banque.application/src/com/mia/banque/model/impl/Compte.java...
done.
Evaluation of IModel on Operation...
done.
Writing file: /comptes/E115761C/Documents/Model Driven Engineering/com.mia.studio.ide-9.2.1.gtk.x86_64/workspace/com.mia.banque.application/src/com/mia/banque/model/IOperation.java...
done.
Evaluation of ModelImpl on Operation...
done.
Writing file: /comptes/E115761C/Documents/Model Driven Engineering/com.mia.studio.ide-9.2.1.gtk.x86_64/workspace/com.mia.banque.application/src/com/mia/banque/model/impl/Operation.java...
done.
mar. 29 nov. 16 -- 10:11:04:170 : COMPLETED
mar. 29 nov. 16 -- 10:11:51:070 : GENERATION STARTED 
Applying profile on models...
done.
Evaluation of IModel on Banque...
done.
Writing file: /comptes/E115761C/Documents/Model Driven Engineering/com.mia.studio.ide-9.2.1.gtk.x86_64/workspace/com.mia.banque.application/src/com/mia/banque/model/IBanque.java...
done.
Evaluation of ModelImpl on Banque...
done.
Writing file: /comptes/E115761C/Documents/Model Driven Engineering/com.mia.studio.ide-9.2.1.gtk.x86_64/workspace/com.mia.banque.application/src/com/mia/banque/model/impl/Banque.java...
done.
Evaluation of IModel on Client...
done.
Writing file: /comptes/E115761C/Documents/Model Driven Engineering/com.mia.studio.ide-9.2.1.gtk.x86_64/workspace/com.mia.banque.application/src/com/mia/banque/model/IClient.java...
done.
Evaluation of ModelImpl on Client...
done.
Writing file: /comptes/E115761C/Documents/Model Driven Engineering/com.mia.studio.ide-9.2.1.gtk.x86_64/workspace/com.mia.banque.application/src/com/mia/banque/model/impl/Client.java...
done.
Evaluation of IModel on Compte...
done.
Writing file: /comptes/E115761C/Documents/Model Driven Engineering/com.mia.studio.ide-9.2.1.gtk.x86_64/workspace/com.mia.banque.application/src/com/mia/banque/model/ICompte.java...
done.
Evaluation of ModelImpl on Compte...
done.
Writing file: /comptes/E115761C/Documents/Model Driven Engineering/com.mia.studio.ide-9.2.1.gtk.x86_64/workspace/com.mia.banque.application/src/com/mia/banque/model/impl/Compte.java...
done.
Evaluation of IModel on Operation...
done.
Writing file: /comptes/E115761C/Documents/Model Driven Engineering/com.mia.studio.ide-9.2.1.gtk.x86_64/workspace/com.mia.banque.application/src/com/mia/banque/model/IOperation.java...
done.
Evaluation of ModelImpl on Operation...
done.
Writing file: /comptes/E115761C/Documents/Model Driven Engineering/com.mia.studio.ide-9.2.1.gtk.x86_64/workspace/com.mia.banque.application/src/com/mia/banque/model/impl/Operation.java...
done.
mar. 29 nov. 16 -- 10:11:51:203 : COMPLETED
mar. 29 nov. 16 -- 10:13:27:132 : GENERATION STARTED 
Applying profile on models...
done.
Evaluation of IModel on Banque...
done.
Writing file: /comptes/E115761C/Documents/Model Driven Engineering/com.mia.studio.ide-9.2.1.gtk.x86_64/workspace/com.mia.banque.application/src/com/mia/banque/model/IBanque.java...
done.
Evaluation of ModelImpl on Banque...
done.
Writing file: /comptes/E115761C/Documents/Model Driven Engineering/com.mia.studio.ide-9.2.1.gtk.x86_64/workspace/com.mia.banque.application/src/com/mia/banque/model/impl/Banque.java...
done.
Evaluation of IModel on Client...
done.
Writing file: /comptes/E115761C/Documents/Model Driven Engineering/com.mia.studio.ide-9.2.1.gtk.x86_64/workspace/com.mia.banque.application/src/com/mia/banque/model/IClient.java...
done.
Evaluation of ModelImpl on Client...
done.
Writing file: /comptes/E115761C/Documents/Model Driven Engineering/com.mia.studio.ide-9.2.1.gtk.x86_64/workspace/com.mia.banque.application/src/com/mia/banque/model/impl/Client.java...
done.
Evaluation of IModel on Compte...
done.
Writing file: /comptes/E115761C/Documents/Model Driven Engineering/com.mia.studio.ide-9.2.1.gtk.x86_64/workspace/com.mia.banque.application/src/com/mia/banque/model/ICompte.java...
done.
Evaluation of ModelImpl on Compte...
done.
Writing file: /comptes/E115761C/Documents/Model Driven Engineering/com.mia.studio.ide-9.2.1.gtk.x86_64/workspace/com.mia.banque.application/src/com/mia/banque/model/impl/Compte.java...
done.
Evaluation of IModel on Operation...
done.
Writing file: /comptes/E115761C/Documents/Model Driven Engineering/com.mia.studio.ide-9.2.1.gtk.x86_64/workspace/com.mia.banque.application/src/com/mia/banque/model/IOperation.java...
done.
Evaluation of ModelImpl on Operation...
done.
Writing file: /comptes/E115761C/Documents/Model Driven Engineering/com.mia.studio.ide-9.2.1.gtk.x86_64/workspace/com.mia.banque.application/src/com/mia/banque/model/impl/Operation.java...
done.
mar. 29 nov. 16 -- 10:13:27:298 : COMPLETED
mar. 29 nov. 16 -- 10:16:38:392 : GENERATION STARTED 
Applying profile on models...
done.
Evaluation of View on BanqueView...
done.
Writing file: /comptes/E115761C/Documents/Model Driven Engineering/com.mia.studio.ide-9.2.1.gtk.x86_64/workspace/com.mia.banque.application/src/com/mia/banque/ui/view/swt/BanqueView.java...
done.
Evaluation of Controler on BanqueView...
done.
Writing file: /comptes/E115761C/Documents/Model Driven Engineering/com.mia.studio.ide-9.2.1.gtk.x86_64/workspace/com.mia.banque.application/src/com/mia/banque/ui/controler/swt/BanqueControler.java...
done.
Evaluation of View on ClientView...
done.
Writing file: /comptes/E115761C/Documents/Model Driven Engineering/com.mia.studio.ide-9.2.1.gtk.x86_64/workspace/com.mia.banque.application/src/com/mia/banque/ui/view/swt/ClientView.java...
done.
Evaluation of Controler on ClientView...
done.
Writing file: /comptes/E115761C/Documents/Model Driven Engineering/com.mia.studio.ide-9.2.1.gtk.x86_64/workspace/com.mia.banque.application/src/com/mia/banque/ui/controler/swt/ClientControler.java...
done.
Evaluation of View on CompteView...
done.
Writing file: /comptes/E115761C/Documents/Model Driven Engineering/com.mia.studio.ide-9.2.1.gtk.x86_64/workspace/com.mia.banque.application/src/com/mia/banque/ui/view/swt/CompteView.java...
done.
Evaluation of Controler on CompteView...
done.
Writing file: /comptes/E115761C/Documents/Model Driven Engineering/com.mia.studio.ide-9.2.1.gtk.x86_64/workspace/com.mia.banque.application/src/com/mia/banque/ui/controler/swt/CompteControler.java...
done.
Evaluation of View on OperationView...
done.
Writing file: /comptes/E115761C/Documents/Model Driven Engineering/com.mia.studio.ide-9.2.1.gtk.x86_64/workspace/com.mia.banque.application/src/com/mia/banque/ui/view/swt/OperationView.java...
done.
Evaluation of Controler on OperationView...
done.
Writing file: /comptes/E115761C/Documents/Model Driven Engineering/com.mia.studio.ide-9.2.1.gtk.x86_64/workspace/com.mia.banque.application/src/com/mia/banque/ui/controler/swt/OperationControler.java...
done.
mar. 29 nov. 16 -- 10:16:38:584 : COMPLETED
mar. 29 nov. 16 -- 10:16:58:446 : GENERATION STARTED 
Applying profile on models...
done.
Evaluation of View on BanqueView...
done.
Writing file: /comptes/E115761C/Documents/Model Driven Engineering/com.mia.studio.ide-9.2.1.gtk.x86_64/workspace/com.mia.banque.application/src/com/mia/banque/ui/view/swt/BanqueView.java...
done.
Evaluation of Controler on BanqueView...
done.
Writing file: /comptes/E115761C/Documents/Model Driven Engineering/com.mia.studio.ide-9.2.1.gtk.x86_64/workspace/com.mia.banque.application/src/com/mia/banque/ui/controler/swt/BanqueControler.java...
done.
Evaluation of View on ClientView...
done.
Writing file: /comptes/E115761C/Documents/Model Driven Engineering/com.mia.studio.ide-9.2.1.gtk.x86_64/workspace/com.mia.banque.application/src/com/mia/banque/ui/view/swt/ClientView.java...
done.
Evaluation of Controler on ClientView...
done.
Writing file: /comptes/E115761C/Documents/Model Driven Engineering/com.mia.studio.ide-9.2.1.gtk.x86_64/workspace/com.mia.banque.application/src/com/mia/banque/ui/controler/swt/ClientControler.java...
done.
Evaluation of View on CompteView...
done.
Writing file: /comptes/E115761C/Documents/Model Driven Engineering/com.mia.studio.ide-9.2.1.gtk.x86_64/workspace/com.mia.banque.application/src/com/mia/banque/ui/view/swt/CompteView.java...
done.
Evaluation of Controler on CompteView...
done.
Writing file: /comptes/E115761C/Documents/Model Driven Engineering/com.mia.studio.ide-9.2.1.gtk.x86_64/workspace/com.mia.banque.application/src/com/mia/banque/ui/controler/swt/CompteControler.java...
done.
Evaluation of View on OperationView...
done.
Writing file: /comptes/E115761C/Documents/Model Driven Engineering/com.mia.studio.ide-9.2.1.gtk.x86_64/workspace/com.mia.banque.application/src/com/mia/banque/ui/view/swt/OperationView.java...
done.
Evaluation of Controler on OperationView...
done.
Writing file: /comptes/E115761C/Documents/Model Driven Engineering/com.mia.studio.ide-9.2.1.gtk.x86_64/workspace/com.mia.banque.application/src/com/mia/banque/ui/controler/swt/OperationControler.java...
done.
mar. 29 nov. 16 -- 10:16:59:349 : COMPLETED
mar. 29 nov. 16 -- 10:18:13:412 : GENERATION STARTED 
Applying profile on models...
done.
Evaluation of View on BanqueView...
done.
Writing file: /comptes/E115761C/Documents/Model Driven Engineering/com.mia.studio.ide-9.2.1.gtk.x86_64/workspace/com.mia.banque.application/src/com/mia/banque/ui/view/swt/BanqueView.java...
done.
Evaluation of Controler on BanqueView...
done.
Writing file: /comptes/E115761C/Documents/Model Driven Engineering/com.mia.studio.ide-9.2.1.gtk.x86_64/workspace/com.mia.banque.application/src/com/mia/banque/ui/controler/swt/BanqueControler.java...
done.
Evaluation of View on ClientView...
done.
Writing file: /comptes/E115761C/Documents/Model Driven Engineering/com.mia.studio.ide-9.2.1.gtk.x86_64/workspace/com.mia.banque.application/src/com/mia/banque/ui/view/swt/ClientView.java...
done.
Evaluation of Controler on ClientView...
done.
Writing file: /comptes/E115761C/Documents/Model Driven Engineering/com.mia.studio.ide-9.2.1.gtk.x86_64/workspace/com.mia.banque.application/src/com/mia/banque/ui/controler/swt/ClientControler.java...
done.
Evaluation of View on CompteView...
done.
Writing file: /comptes/E115761C/Documents/Model Driven Engineering/com.mia.studio.ide-9.2.1.gtk.x86_64/workspace/com.mia.banque.application/src/com/mia/banque/ui/view/swt/CompteView.java...
done.
Evaluation of Controler on CompteView...
done.
Writing file: /comptes/E115761C/Documents/Model Driven Engineering/com.mia.studio.ide-9.2.1.gtk.x86_64/workspace/com.mia.banque.application/src/com/mia/banque/ui/controler/swt/CompteControler.java...
done.
Evaluation of View on OperationView...
done.
Writing file: /comptes/E115761C/Documents/Model Driven Engineering/com.mia.studio.ide-9.2.1.gtk.x86_64/workspace/com.mia.banque.application/src/com/mia/banque/ui/view/swt/OperationView.java...
done.
Evaluation of Controler on OperationView...
done.
Writing file: /comptes/E115761C/Documents/Model Driven Engineering/com.mia.studio.ide-9.2.1.gtk.x86_64/workspace/com.mia.banque.application/src/com/mia/banque/ui/controler/swt/OperationControler.java...
done.
mar. 29 nov. 16 -- 10:18:13:608 : COMPLETED
mar. 29 nov. 16 -- 10:38:41:447 : GENERATION STARTED 
Applying profile on models...
done.
Evaluation of IControler on BanqueView...
done.
Writing file: /comptes/E115761C/Documents/Model Driven Engineering/com.mia.studio.ide-9.2.1.gtk.x86_64/workspace/com.mia.banque.application/src/com/mia/banque/ui/controler/IBanqueControler.java...
done.
Evaluation of IView on BanqueView...
done.
Writing file: /comptes/E115761C/Documents/Model Driven Engineering/com.mia.studio.ide-9.2.1.gtk.x86_64/workspace/com.mia.banque.application/src/com/mia/banque/ui/view/IBanqueView.java...
done.
Evaluation of IControler on ClientView...
done.
Writing file: /comptes/E115761C/Documents/Model Driven Engineering/com.mia.studio.ide-9.2.1.gtk.x86_64/workspace/com.mia.banque.application/src/com/mia/banque/ui/controler/IClientControler.java...
done.
Evaluation of IView on ClientView...
done.
Writing file: /comptes/E115761C/Documents/Model Driven Engineering/com.mia.studio.ide-9.2.1.gtk.x86_64/workspace/com.mia.banque.application/src/com/mia/banque/ui/view/IClientView.java...
done.
Evaluation of IControler on CompteView...
done.
Writing file: /comptes/E115761C/Documents/Model Driven Engineering/com.mia.studio.ide-9.2.1.gtk.x86_64/workspace/com.mia.banque.application/src/com/mia/banque/ui/controler/ICompteControler.java...
done.
Evaluation of IView on CompteView...
done.
Writing file: /comptes/E115761C/Documents/Model Driven Engineering/com.mia.studio.ide-9.2.1.gtk.x86_64/workspace/com.mia.banque.application/src/com/mia/banque/ui/view/ICompteView.java...
done.
Evaluation of IControler on OperationView...
done.
Writing file: /comptes/E115761C/Documents/Model Driven Engineering/com.mia.studio.ide-9.2.1.gtk.x86_64/workspace/com.mia.banque.application/src/com/mia/banque/ui/controler/IOperationControler.java...
done.
Evaluation of IView on OperationView...
done.
Writing file: /comptes/E115761C/Documents/Model Driven Engineering/com.mia.studio.ide-9.2.1.gtk.x86_64/workspace/com.mia.banque.application/src/com/mia/banque/ui/view/IOperationView.java...
done.
mar. 29 nov. 16 -- 10:38:41:668 : COMPLETED
mar. 29 nov. 16 -- 10:38:43:979 : GENERATION STARTED 
Applying profile on models...
done.
Evaluation of IModel on Banque...
done.
Writing file: /comptes/E115761C/Documents/Model Driven Engineering/com.mia.studio.ide-9.2.1.gtk.x86_64/workspace/com.mia.banque.application/src/com/mia/banque/model/IBanque.java...
done.
Evaluation of ModelImpl on Banque...
done.
Writing file: /comptes/E115761C/Documents/Model Driven Engineering/com.mia.studio.ide-9.2.1.gtk.x86_64/workspace/com.mia.banque.application/src/com/mia/banque/model/impl/Banque.java...
done.
Evaluation of IModel on Client...
done.
Writing file: /comptes/E115761C/Documents/Model Driven Engineering/com.mia.studio.ide-9.2.1.gtk.x86_64/workspace/com.mia.banque.application/src/com/mia/banque/model/IClient.java...
done.
Evaluation of ModelImpl on Client...
done.
Writing file: /comptes/E115761C/Documents/Model Driven Engineering/com.mia.studio.ide-9.2.1.gtk.x86_64/workspace/com.mia.banque.application/src/com/mia/banque/model/impl/Client.java...
done.
Evaluation of IModel on Compte...
done.
Writing file: /comptes/E115761C/Documents/Model Driven Engineering/com.mia.studio.ide-9.2.1.gtk.x86_64/workspace/com.mia.banque.application/src/com/mia/banque/model/ICompte.java...
done.
Evaluation of ModelImpl on Compte...
done.
Writing file: /comptes/E115761C/Documents/Model Driven Engineering/com.mia.studio.ide-9.2.1.gtk.x86_64/workspace/com.mia.banque.application/src/com/mia/banque/model/impl/Compte.java...
done.
Evaluation of IModel on Operation...
done.
Writing file: /comptes/E115761C/Documents/Model Driven Engineering/com.mia.studio.ide-9.2.1.gtk.x86_64/workspace/com.mia.banque.application/src/com/mia/banque/model/IOperation.java...
done.
Evaluation of ModelImpl on Operation...
done.
Writing file: /comptes/E115761C/Documents/Model Driven Engineering/com.mia.studio.ide-9.2.1.gtk.x86_64/workspace/com.mia.banque.application/src/com/mia/banque/model/impl/Operation.java...
done.
mar. 29 nov. 16 -- 10:38:44:140 : COMPLETED
mar. 29 nov. 16 -- 10:38:46:209 : GENERATION STARTED 
Applying profile on models...
done.
Evaluation of View on BanqueView...
done.
Writing file: /comptes/E115761C/Documents/Model Driven Engineering/com.mia.studio.ide-9.2.1.gtk.x86_64/workspace/com.mia.banque.application/src/com/mia/banque/ui/view/swt/BanqueView.java...
done.
Evaluation of Controler on BanqueView...
done.
Writing file: /comptes/E115761C/Documents/Model Driven Engineering/com.mia.studio.ide-9.2.1.gtk.x86_64/workspace/com.mia.banque.application/src/com/mia/banque/ui/controler/swt/BanqueControler.java...
done.
Evaluation of View on ClientView...
done.
Writing file: /comptes/E115761C/Documents/Model Driven Engineering/com.mia.studio.ide-9.2.1.gtk.x86_64/workspace/com.mia.banque.application/src/com/mia/banque/ui/view/swt/ClientView.java...
done.
Evaluation of Controler on ClientView...
done.
Writing file: /comptes/E115761C/Documents/Model Driven Engineering/com.mia.studio.ide-9.2.1.gtk.x86_64/workspace/com.mia.banque.application/src/com/mia/banque/ui/controler/swt/ClientControler.java...
done.
Evaluation of View on CompteView...
done.
Writing file: /comptes/E115761C/Documents/Model Driven Engineering/com.mia.studio.ide-9.2.1.gtk.x86_64/workspace/com.mia.banque.application/src/com/mia/banque/ui/view/swt/CompteView.java...
done.
Evaluation of Controler on CompteView...
done.
Writing file: /comptes/E115761C/Documents/Model Driven Engineering/com.mia.studio.ide-9.2.1.gtk.x86_64/workspace/com.mia.banque.application/src/com/mia/banque/ui/controler/swt/CompteControler.java...
done.
Evaluation of View on OperationView...
done.
Writing file: /comptes/E115761C/Documents/Model Driven Engineering/com.mia.studio.ide-9.2.1.gtk.x86_64/workspace/com.mia.banque.application/src/com/mia/banque/ui/view/swt/OperationView.java...
done.
Evaluation of Controler on OperationView...
done.
Writing file: /comptes/E115761C/Documents/Model Driven Engineering/com.mia.studio.ide-9.2.1.gtk.x86_64/workspace/com.mia.banque.application/src/com/mia/banque/ui/controler/swt/OperationControler.java...
done.
mar. 29 nov. 16 -- 10:38:46:406 : COMPLETED
mar. 29 nov. 16 -- 11:15:34:927 : GENERATION STARTED 
Applying profile on models...
done.
Evaluation of View on BanqueView...
done.
Writing file: /comptes/E115761C/Documents/Model Driven Engineering/com.mia.studio.ide-9.2.1.gtk.x86_64/workspace/com.mia.banque.application/src/com/mia/banque/ui/view/swt/BanqueView.java...
done.
Evaluation of Controler on BanqueView...
done.
Writing file: /comptes/E115761C/Documents/Model Driven Engineering/com.mia.studio.ide-9.2.1.gtk.x86_64/workspace/com.mia.banque.application/src/com/mia/banque/ui/controler/swt/BanqueControler.java...
done.
Evaluation of View on ClientView...
done.
Writing file: /comptes/E115761C/Documents/Model Driven Engineering/com.mia.studio.ide-9.2.1.gtk.x86_64/workspace/com.mia.banque.application/src/com/mia/banque/ui/view/swt/ClientView.java...
done.
Evaluation of Controler on ClientView...
done.
Writing file: /comptes/E115761C/Documents/Model Driven Engineering/com.mia.studio.ide-9.2.1.gtk.x86_64/workspace/com.mia.banque.application/src/com/mia/banque/ui/controler/swt/ClientControler.java...
done.
Evaluation of View on CompteView...
done.
Writing file: /comptes/E115761C/Documents/Model Driven Engineering/com.mia.studio.ide-9.2.1.gtk.x86_64/workspace/com.mia.banque.application/src/com/mia/banque/ui/view/swt/CompteView.java...
done.
Evaluation of Controler on CompteView...
done.
Writing file: /comptes/E115761C/Documents/Model Driven Engineering/com.mia.studio.ide-9.2.1.gtk.x86_64/workspace/com.mia.banque.application/src/com/mia/banque/ui/controler/swt/CompteControler.java...
done.
Evaluation of View on OperationView...
done.
Writing file: /comptes/E115761C/Documents/Model Driven Engineering/com.mia.studio.ide-9.2.1.gtk.x86_64/workspace/com.mia.banque.application/src/com/mia/banque/ui/view/swt/OperationView.java...
done.
Evaluation of Controler on OperationView...
done.
Writing file: /comptes/E115761C/Documents/Model Driven Engineering/com.mia.studio.ide-9.2.1.gtk.x86_64/workspace/com.mia.banque.application/src/com/mia/banque/ui/controler/swt/OperationControler.java...
done.
mar. 29 nov. 16 -- 11:15:35:133 : COMPLETED
mar. 29 nov. 16 -- 11:16:04:075 : GENERATION STARTED 
Applying profile on models...
done.
Evaluation of View on BanqueView...
done.
Writing file: /comptes/E115761C/Documents/Model Driven Engineering/com.mia.studio.ide-9.2.1.gtk.x86_64/workspace/com.mia.banque.application/src/com/mia/banque/ui/view/swt/BanqueView.java...
done.
Evaluation of Controler on BanqueView...
done.
Writing file: /comptes/E115761C/Documents/Model Driven Engineering/com.mia.studio.ide-9.2.1.gtk.x86_64/workspace/com.mia.banque.application/src/com/mia/banque/ui/controler/swt/BanqueControler.java...
done.
Evaluation of View on ClientView...
done.
Writing file: /comptes/E115761C/Documents/Model Driven Engineering/com.mia.studio.ide-9.2.1.gtk.x86_64/workspace/com.mia.banque.application/src/com/mia/banque/ui/view/swt/ClientView.java...
done.
Evaluation of Controler on ClientView...
done.
Writing file: /comptes/E115761C/Documents/Model Driven Engineering/com.mia.studio.ide-9.2.1.gtk.x86_64/workspace/com.mia.banque.application/src/com/mia/banque/ui/controler/swt/ClientControler.java...
done.
Evaluation of View on CompteView...
done.
Writing file: /comptes/E115761C/Documents/Model Driven Engineering/com.mia.studio.ide-9.2.1.gtk.x86_64/workspace/com.mia.banque.application/src/com/mia/banque/ui/view/swt/CompteView.java...
done.
Evaluation of Controler on CompteView...
done.
Writing file: /comptes/E115761C/Documents/Model Driven Engineering/com.mia.studio.ide-9.2.1.gtk.x86_64/workspace/com.mia.banque.application/src/com/mia/banque/ui/controler/swt/CompteControler.java...
done.
Evaluation of View on OperationView...
done.
Writing file: /comptes/E115761C/Documents/Model Driven Engineering/com.mia.studio.ide-9.2.1.gtk.x86_64/workspace/com.mia.banque.application/src/com/mia/banque/ui/view/swt/OperationView.java...
done.
Evaluation of Controler on OperationView...
done.
Writing file: /comptes/E115761C/Documents/Model Driven Engineering/com.mia.studio.ide-9.2.1.gtk.x86_64/workspace/com.mia.banque.application/src/com/mia/banque/ui/controler/swt/OperationControler.java...
done.
mar. 29 nov. 16 -- 11:16:04:253 : COMPLETED
mar. 29 nov. 16 -- 12:23:30:961 : GENERATION STARTED 
Applying profile on models...
done.
Evaluation of View on BanqueView...
done.
Writing file: /comptes/E115761C/Documents/Model Driven Engineering/com.mia.studio.ide-9.2.1.gtk.x86_64/workspace/com.mia.banque.application/src/com/mia/banque/ui/view/swt/BanqueView.java...
done.
Evaluation of Controler on BanqueView...
done.
Writing file: /comptes/E115761C/Documents/Model Driven Engineering/com.mia.studio.ide-9.2.1.gtk.x86_64/workspace/com.mia.banque.application/src/com/mia/banque/ui/controler/swt/BanqueControler.java...
done.
Evaluation of View on ClientView...
done.
Writing file: /comptes/E115761C/Documents/Model Driven Engineering/com.mia.studio.ide-9.2.1.gtk.x86_64/workspace/com.mia.banque.application/src/com/mia/banque/ui/view/swt/ClientView.java...
done.
Evaluation of Controler on ClientView...
done.
Writing file: /comptes/E115761C/Documents/Model Driven Engineering/com.mia.studio.ide-9.2.1.gtk.x86_64/workspace/com.mia.banque.application/src/com/mia/banque/ui/controler/swt/ClientControler.java...
done.
Evaluation of View on CompteView...
done.
Writing file: /comptes/E115761C/Documents/Model Driven Engineering/com.mia.studio.ide-9.2.1.gtk.x86_64/workspace/com.mia.banque.application/src/com/mia/banque/ui/view/swt/CompteView.java...
done.
Evaluation of Controler on CompteView...
done.
Writing file: /comptes/E115761C/Documents/Model Driven Engineering/com.mia.studio.ide-9.2.1.gtk.x86_64/workspace/com.mia.banque.application/src/com/mia/banque/ui/controler/swt/CompteControler.java...
done.
Evaluation of View on OperationView...
done.
Writing file: /comptes/E115761C/Documents/Model Driven Engineering/com.mia.studio.ide-9.2.1.gtk.x86_64/workspace/com.mia.banque.application/src/com/mia/banque/ui/view/swt/OperationView.java...
done.
Evaluation of Controler on OperationView...
done.
Writing file: /comptes/E115761C/Documents/Model Driven Engineering/com.mia.studio.ide-9.2.1.gtk.x86_64/workspace/com.mia.banque.application/src/com/mia/banque/ui/controler/swt/OperationControler.java...
done.
mar. 29 nov. 16 -- 12:23:31:168 : COMPLETED
mar. 29 nov. 16 -- 12:23:32:981 : GENERATION STARTED 
Applying profile on models...
done.
Evaluation of IModel on Banque...
done.
Writing file: /comptes/E115761C/Documents/Model Driven Engineering/com.mia.studio.ide-9.2.1.gtk.x86_64/workspace/com.mia.banque.application/src/com/mia/banque/model/IBanque.java...
done.
Evaluation of ModelImpl on Banque...
done.
Writing file: /comptes/E115761C/Documents/Model Driven Engineering/com.mia.studio.ide-9.2.1.gtk.x86_64/workspace/com.mia.banque.application/src/com/mia/banque/model/impl/Banque.java...
done.
Evaluation of IModel on Client...
done.
Writing file: /comptes/E115761C/Documents/Model Driven Engineering/com.mia.studio.ide-9.2.1.gtk.x86_64/workspace/com.mia.banque.application/src/com/mia/banque/model/IClient.java...
done.
Evaluation of ModelImpl on Client...
done.
Writing file: /comptes/E115761C/Documents/Model Driven Engineering/com.mia.studio.ide-9.2.1.gtk.x86_64/workspace/com.mia.banque.application/src/com/mia/banque/model/impl/Client.java...
done.
Evaluation of IModel on Compte...
done.
Writing file: /comptes/E115761C/Documents/Model Driven Engineering/com.mia.studio.ide-9.2.1.gtk.x86_64/workspace/com.mia.banque.application/src/com/mia/banque/model/ICompte.java...
done.
Evaluation of ModelImpl on Compte...
done.
Writing file: /comptes/E115761C/Documents/Model Driven Engineering/com.mia.studio.ide-9.2.1.gtk.x86_64/workspace/com.mia.banque.application/src/com/mia/banque/model/impl/Compte.java...
done.
Evaluation of IModel on Operation...
done.
Writing file: /comptes/E115761C/Documents/Model Driven Engineering/com.mia.studio.ide-9.2.1.gtk.x86_64/workspace/com.mia.banque.application/src/com/mia/banque/model/IOperation.java...
done.
Evaluation of ModelImpl on Operation...
done.
Writing file: /comptes/E115761C/Documents/Model Driven Engineering/com.mia.studio.ide-9.2.1.gtk.x86_64/workspace/com.mia.banque.application/src/com/mia/banque/model/impl/Operation.java...
done.
mar. 29 nov. 16 -- 12:23:33:130 : COMPLETED
mar. 29 nov. 16 -- 12:23:34:863 : GENERATION STARTED 
Applying profile on models...
done.
Evaluation of IControler on BanqueView...
done.
Writing file: /comptes/E115761C/Documents/Model Driven Engineering/com.mia.studio.ide-9.2.1.gtk.x86_64/workspace/com.mia.banque.application/src/com/mia/banque/ui/controler/IBanqueControler.java...
done.
Evaluation of IView on BanqueView...
done.
Writing file: /comptes/E115761C/Documents/Model Driven Engineering/com.mia.studio.ide-9.2.1.gtk.x86_64/workspace/com.mia.banque.application/src/com/mia/banque/ui/view/IBanqueView.java...
done.
Evaluation of IControler on ClientView...
done.
Writing file: /comptes/E115761C/Documents/Model Driven Engineering/com.mia.studio.ide-9.2.1.gtk.x86_64/workspace/com.mia.banque.application/src/com/mia/banque/ui/controler/IClientControler.java...
done.
Evaluation of IView on ClientView...
done.
Writing file: /comptes/E115761C/Documents/Model Driven Engineering/com.mia.studio.ide-9.2.1.gtk.x86_64/workspace/com.mia.banque.application/src/com/mia/banque/ui/view/IClientView.java...
done.
Evaluation of IControler on CompteView...
done.
Writing file: /comptes/E115761C/Documents/Model Driven Engineering/com.mia.studio.ide-9.2.1.gtk.x86_64/workspace/com.mia.banque.application/src/com/mia/banque/ui/controler/ICompteControler.java...
done.
Evaluation of IView on CompteView...
done.
Writing file: /comptes/E115761C/Documents/Model Driven Engineering/com.mia.studio.ide-9.2.1.gtk.x86_64/workspace/com.mia.banque.application/src/com/mia/banque/ui/view/ICompteView.java...
done.
Evaluation of IControler on OperationView...
done.
Writing file: /comptes/E115761C/Documents/Model Driven Engineering/com.mia.studio.ide-9.2.1.gtk.x86_64/workspace/com.mia.banque.application/src/com/mia/banque/ui/controler/IOperationControler.java...
done.
Evaluation of IView on OperationView...
done.
Writing file: /comptes/E115761C/Documents/Model Driven Engineering/com.mia.studio.ide-9.2.1.gtk.x86_64/workspace/com.mia.banque.application/src/com/mia/banque/ui/view/IOperationView.java...
done.
mar. 29 nov. 16 -- 12:23:35:071 : COMPLETED
