ven. 7 oct. 16 -- 10:14:25:518 : GENERATION STARTED 
Applying profile on models...
done.
Evaluation of shell on BanqueView...
done.
Writing file: /comptes/E104667T/mia/com.mia.formation.generation.ui/src/com/mia/formation/generation/ui/BanqueView.java...
done.
Evaluation of shell on ClientView...
done.
Writing file: /comptes/E104667T/mia/com.mia.formation.generation.ui/src/com/mia/formation/generation/ui/ClientView.java...
done.
Evaluation of shell on CompteView...
done.
Writing file: /comptes/E104667T/mia/com.mia.formation.generation.ui/src/com/mia/formation/generation/ui/CompteView.java...
done.
Evaluation of shell on OperationView...
done.
Writing file: /comptes/E104667T/mia/com.mia.formation.generation.ui/src/com/mia/formation/generation/ui/OperationView.java...
done.
ven. 7 oct. 16 -- 10:14:25:693 : COMPLETED
ven. 7 oct. 16 -- 10:15:39:216 : GENERATION STARTED 
Applying profile on models...
done.
Evaluation of shell on BanqueView...
done.
Writing file: /comptes/E104667T/mia/com.mia.formation.generation.ui/src/com/mia/formation/generation/ui/BanqueView.java...
done.
Evaluation of shell on ClientView...
done.
Writing file: /comptes/E104667T/mia/com.mia.formation.generation.ui/src/com/mia/formation/generation/ui/ClientView.java...
done.
Evaluation of shell on CompteView...
done.
Writing file: /comptes/E104667T/mia/com.mia.formation.generation.ui/src/com/mia/formation/generation/ui/CompteView.java...
done.
Evaluation of shell on OperationView...
done.
Writing file: /comptes/E104667T/mia/com.mia.formation.generation.ui/src/com/mia/formation/generation/ui/OperationView.java...
done.
ven. 7 oct. 16 -- 10:15:39:337 : COMPLETED
ven. 7 oct. 16 -- 10:16:10:232 : GENERATION STARTED 
Applying profile on models...
done.
Evaluation of shell on BanqueView...
done.
Writing file: /comptes/E104667T/mia/com.mia.formation.generation.ui/src/com/mia/formation/generation/ui/BanqueView.java...
done.
Evaluation of shell on ClientView...
done.
Writing file: /comptes/E104667T/mia/com.mia.formation.generation.ui/src/com/mia/formation/generation/ui/ClientView.java...
done.
Evaluation of shell on CompteView...
done.
Writing file: /comptes/E104667T/mia/com.mia.formation.generation.ui/src/com/mia/formation/generation/ui/CompteView.java...
done.
Evaluation of shell on OperationView...
done.
Writing file: /comptes/E104667T/mia/com.mia.formation.generation.ui/src/com/mia/formation/generation/ui/OperationView.java...
done.
ven. 7 oct. 16 -- 10:16:10:340 : COMPLETED
ven. 7 oct. 16 -- 10:19:20:412 : GENERATION STARTED 
Applying profile on models...
done.
Evaluation of shell on BanqueView...
done.
Writing file: /comptes/E104667T/mia/com.mia.formation.generation.ui/src/com/mia/formation/generation/ui/BanqueView.java...
done.
Evaluation of shell on ClientView...
done.
Writing file: /comptes/E104667T/mia/com.mia.formation.generation.ui/src/com/mia/formation/generation/ui/ClientView.java...
done.
Evaluation of shell on CompteView...
done.
Writing file: /comptes/E104667T/mia/com.mia.formation.generation.ui/src/com/mia/formation/generation/ui/CompteView.java...
done.
Evaluation of shell on OperationView...
done.
Writing file: /comptes/E104667T/mia/com.mia.formation.generation.ui/src/com/mia/formation/generation/ui/OperationView.java...
done.
ven. 7 oct. 16 -- 10:19:20:510 : COMPLETED
ven. 7 oct. 16 -- 10:21:22:645 : GENERATION STARTED 
Applying profile on models...
done.
Evaluation of shell on BanqueView...
done.
Writing file: /comptes/E104667T/mia/com.mia.formation.generation.ui/src/com/mia/formation/generation/ui/BanqueView.java...
done.
Evaluation of shell on ClientView...
done.
Writing file: /comptes/E104667T/mia/com.mia.formation.generation.ui/src/com/mia/formation/generation/ui/ClientView.java...
done.
Evaluation of shell on CompteView...
done.
Writing file: /comptes/E104667T/mia/com.mia.formation.generation.ui/src/com/mia/formation/generation/ui/CompteView.java...
done.
Evaluation of shell on OperationView...
done.
Writing file: /comptes/E104667T/mia/com.mia.formation.generation.ui/src/com/mia/formation/generation/ui/OperationView.java...
done.
ven. 7 oct. 16 -- 10:21:22:725 : COMPLETED
ven. 7 oct. 16 -- 10:22:25:430 : GENERATION STARTED 
Applying profile on models...
done.
Evaluation of shell on BanqueView...
done.
Writing file: /comptes/E104667T/mia/com.mia.formation.generation.ui/src/com/mia/formation/generation/ui/BanqueView.java...
done.
Evaluation of shell on ClientView...
done.
Writing file: /comptes/E104667T/mia/com.mia.formation.generation.ui/src/com/mia/formation/generation/ui/ClientView.java...
done.
Evaluation of shell on CompteView...
done.
Writing file: /comptes/E104667T/mia/com.mia.formation.generation.ui/src/com/mia/formation/generation/ui/CompteView.java...
done.
Evaluation of shell on OperationView...
done.
Writing file: /comptes/E104667T/mia/com.mia.formation.generation.ui/src/com/mia/formation/generation/ui/OperationView.java...
done.
ven. 7 oct. 16 -- 10:22:25:504 : COMPLETED
ven. 7 oct. 16 -- 10:23:16:974 : GENERATION STARTED 
Applying profile on models...
done.
Evaluation of shell on BanqueView...
done.
Writing file: /comptes/E104667T/mia/com.mia.formation.generation.ui/src/com/mia/formation/generation/ui/BanqueView.java...
done.
Evaluation of shell on ClientView...
done.
Writing file: /comptes/E104667T/mia/com.mia.formation.generation.ui/src/com/mia/formation/generation/ui/ClientView.java...
done.
Evaluation of shell on CompteView...
done.
Writing file: /comptes/E104667T/mia/com.mia.formation.generation.ui/src/com/mia/formation/generation/ui/CompteView.java...
done.
Evaluation of shell on OperationView...
done.
Writing file: /comptes/E104667T/mia/com.mia.formation.generation.ui/src/com/mia/formation/generation/ui/OperationView.java...
done.
ven. 7 oct. 16 -- 10:23:17:050 : COMPLETED
ven. 7 oct. 16 -- 10:23:37:889 : GENERATION STARTED 
Applying profile on models...
done.
Evaluation of shell on BanqueView...
done.
Writing file: /comptes/E104667T/mia/com.mia.formation.generation.ui/src/com/mia/formation/generation/ui/BanqueView.java...
done.
Evaluation of shell on ClientView...
done.
Writing file: /comptes/E104667T/mia/com.mia.formation.generation.ui/src/com/mia/formation/generation/ui/ClientView.java...
done.
Evaluation of shell on CompteView...
done.
Writing file: /comptes/E104667T/mia/com.mia.formation.generation.ui/src/com/mia/formation/generation/ui/CompteView.java...
done.
Evaluation of shell on OperationView...
done.
Writing file: /comptes/E104667T/mia/com.mia.formation.generation.ui/src/com/mia/formation/generation/ui/OperationView.java...
done.
ven. 7 oct. 16 -- 10:23:37:961 : COMPLETED
ven. 7 oct. 16 -- 10:24:09:073 : GENERATION STARTED 
Applying profile on models...
done.
Evaluation of shell on BanqueView...
done.
Writing file: /comptes/E104667T/mia/com.mia.formation.generation.ui/src/com/mia/formation/generation/ui/BanqueView.java...
done.
Evaluation of shell on ClientView...
done.
Writing file: /comptes/E104667T/mia/com.mia.formation.generation.ui/src/com/mia/formation/generation/ui/ClientView.java...
done.
Evaluation of shell on CompteView...
done.
Writing file: /comptes/E104667T/mia/com.mia.formation.generation.ui/src/com/mia/formation/generation/ui/CompteView.java...
done.
Evaluation of shell on OperationView...
done.
Writing file: /comptes/E104667T/mia/com.mia.formation.generation.ui/src/com/mia/formation/generation/ui/OperationView.java...
done.
ven. 7 oct. 16 -- 10:24:09:145 : COMPLETED
ven. 7 oct. 16 -- 10:24:11:713 : GENERATION STARTED 
Applying profile on models...
done.
Evaluation of shell on BanqueView...
done.
Writing file: /comptes/E104667T/mia/com.mia.formation.generation.ui/src/com/mia/formation/generation/ui/BanqueView.java...
done.
Evaluation of shell on ClientView...
done.
Writing file: /comptes/E104667T/mia/com.mia.formation.generation.ui/src/com/mia/formation/generation/ui/ClientView.java...
done.
Evaluation of shell on CompteView...
done.
Writing file: /comptes/E104667T/mia/com.mia.formation.generation.ui/src/com/mia/formation/generation/ui/CompteView.java...
done.
Evaluation of shell on OperationView...
done.
Writing file: /comptes/E104667T/mia/com.mia.formation.generation.ui/src/com/mia/formation/generation/ui/OperationView.java...
done.
ven. 7 oct. 16 -- 10:24:11:778 : COMPLETED
ven. 7 oct. 16 -- 10:36:59:452 : GENERATION STARTED 
Applying profile on models...
done.
Evaluation of shell on BanqueView...
done.
Writing file: /comptes/E104667T/mia/com.mia.formation.generation.ui/src/com/mia/formation/generation/ui/BanqueView.java...
done.
Evaluation of shell on ClientView...
done.
Writing file: /comptes/E104667T/mia/com.mia.formation.generation.ui/src/com/mia/formation/generation/ui/ClientView.java...
done.
Evaluation of shell on CompteView...
done.
Writing file: /comptes/E104667T/mia/com.mia.formation.generation.ui/src/com/mia/formation/generation/ui/CompteView.java...
done.
Evaluation of shell on OperationView...
done.
Writing file: /comptes/E104667T/mia/com.mia.formation.generation.ui/src/com/mia/formation/generation/ui/OperationView.java...
done.
ven. 7 oct. 16 -- 10:36:59:527 : COMPLETED
ven. 7 oct. 16 -- 10:48:36:171 : GENERATION STARTED 
Applying profile on models...
done.
Evaluation of shell on BanqueView...
done.
Writing file: /comptes/E104667T/mia/com.mia.formation.generation.ui/src/com/mia/formation/generation/ui/BanqueView.java...
done.
Evaluation of shell on ClientView...
done.
Writing file: /comptes/E104667T/mia/com.mia.formation.generation.ui/src/com/mia/formation/generation/ui/ClientView.java...
done.
Evaluation of shell on CompteView...
done.
Writing file: /comptes/E104667T/mia/com.mia.formation.generation.ui/src/com/mia/formation/generation/ui/CompteView.java...
done.
Evaluation of shell on OperationView...
done.
Writing file: /comptes/E104667T/mia/com.mia.formation.generation.ui/src/com/mia/formation/generation/ui/OperationView.java...
done.
ven. 7 oct. 16 -- 10:48:36:239 : COMPLETED
ven. 7 oct. 16 -- 10:49:23:393 : GENERATION STARTED 
Applying profile on models...
done.
Evaluation of shell on BanqueView...
done.
Writing file: /comptes/E104667T/mia/com.mia.formation.generation.ui/src/com/mia/formation/generation/ui/BanqueView.java...
done.
Evaluation of shell on ClientView...
done.
Writing file: /comptes/E104667T/mia/com.mia.formation.generation.ui/src/com/mia/formation/generation/ui/ClientView.java...
done.
Evaluation of shell on CompteView...
done.
Writing file: /comptes/E104667T/mia/com.mia.formation.generation.ui/src/com/mia/formation/generation/ui/CompteView.java...
done.
Evaluation of shell on OperationView...
done.
Writing file: /comptes/E104667T/mia/com.mia.formation.generation.ui/src/com/mia/formation/generation/ui/OperationView.java...
done.
ven. 7 oct. 16 -- 10:49:23:457 : COMPLETED
ven. 7 oct. 16 -- 10:50:24:637 : GENERATION STARTED 
Applying profile on models...
done.
Evaluation of shell on BanqueView...
done.
Writing file: /comptes/E104667T/mia/com.mia.formation.generation.ui/src/com/mia/formation/generation/ui/BanqueView.java...
done.
Evaluation of shell on ClientView...
done.
Writing file: /comptes/E104667T/mia/com.mia.formation.generation.ui/src/com/mia/formation/generation/ui/ClientView.java...
done.
Evaluation of shell on CompteView...
done.
Writing file: /comptes/E104667T/mia/com.mia.formation.generation.ui/src/com/mia/formation/generation/ui/CompteView.java...
done.
Evaluation of shell on OperationView...
done.
Writing file: /comptes/E104667T/mia/com.mia.formation.generation.ui/src/com/mia/formation/generation/ui/OperationView.java...
done.
ven. 7 oct. 16 -- 10:50:24:700 : COMPLETED
